<?xml version="1.0" encoding="UTF-8"?>
<testsuite name="hk.ust.cse.comp3021.lab1.MainTest" tests="1" skipped="0" failures="0" errors="0" timestamp="2024-02-23T13:05:46" hostname="MSI" time="0.023">
  <properties/>
  <testcase name="add()" classname="hk.ust.cse.comp3021.lab1.MainTest" time="0.023"/>
  <system-out><![CDATA[]]></system-out>
  <system-err><![CDATA[]]></system-err>
</testsuite>
